<?xml version="1.0" encoding="UTF-8"?>
<Site BuildName="Linux-g++-7"
	BuildStamp="20240425-0310-Experimental"
	Name="ubuntu"
	Generator="ctest-3.5.1"
	CompilerName="/usr/bin/g++-7"
	CompilerVersion="7.5.0"
	OSName="Linux"
	Hostname="ubuntu"
	OSRelease="4.15.0-142-generic"
	OSVersion="#146~16.04.1-Ubuntu SMP Tue Apr 13 09:27:15 UTC 2021"
	OSPlatform="x86_64"
	Is64Bits="1"
	VendorString="GenuineIntel"
	VendorID="Intel Corporation"
	FamilyID="6"
	ModelID="142"
	ProcessorCacheSize="6144"
	NumberOfLogicalCPU="8"
	NumberOfPhysicalCPU="8"
	TotalVirtualMemory="974"
	TotalPhysicalMemory="3921"
	LogicalProcessorsPerPhysical="1"
	ProcessorClockFrequency="1800"
	>
	<Testing>
		<StartDateTime>Apr 24 20:10 PDT</StartDateTime>
		<StartTestTime>1714014658</StartTestTime>
		<TestList/>
		<EndDateTime>Apr 24 20:10 PDT</EndDateTime>
		<EndTestTime>1714014658</EndTestTime>
		<ElapsedMinutes>0</ElapsedMinutes>
	</Testing>
</Site>
